<?xml version="1.0" encoding="UTF-8"?>
<!-- Generated by org.testng.reporters.JUnitReportReporter -->
<testsuite hostname="dhanvika-Inspiron-N5010" failures="0" tests="10" name="com.invocationcount.Invocationcount" time="0.042" errors="0" timestamp="2021-01-24T10:11:21 IST" skipped="0">
  <testcase classname="com.invocationcount.Invocationcount" name="Invocationcount" time="0.003"/>
  <system-out/>
  <testcase classname="com.invocationcount.Invocationcount" name="Invocationcount" time="0.003"/>
  <system-out/>
  <testcase classname="com.invocationcount.Invocationcount" name="Invocationcount" time="0.003"/>
  <system-out/>
  <testcase classname="com.invocationcount.Invocationcount" name="Invocationcount" time="0.003"/>
  <system-out/>
  <testcase classname="com.invocationcount.Invocationcount" name="Invocationcount" time="0.002"/>
  <system-out/>
  <testcase classname="com.invocationcount.Invocationcount" name="Invocationcount" time="0.017"/>
  <system-out/>
  <testcase classname="com.invocationcount.Invocationcount" name="Invocationcount" time="0.003"/>
  <system-out/>
  <testcase classname="com.invocationcount.Invocationcount" name="Invocationcount" time="0.003"/>
  <system-out/>
  <testcase classname="com.invocationcount.Invocationcount" name="Invocationcount" time="0.002"/>
  <system-out/>
  <testcase classname="com.invocationcount.Invocationcount" name="Invocationcount" time="0.003"/>
  <system-out/>
</testsuite> <!-- com.invocationcount.Invocationcount -->
