<?xml version="1.0" encoding="UTF-8"?>
<!-- Generated by org.testng.reporters.JUnitReportReporter -->
<testsuite hostname="dhanvika-Inspiron-N5010" failures="0" tests="1" name="com.loginform.Loginform" time="24.188" errors="0" timestamp="2021-01-25T19:24:30 IST" skipped="0">
  <testcase classname="com.loginform.Loginform" name="Regloginform" time="24.188"/>
  <system-out/>
</testsuite> <!-- com.loginform.Loginform -->
