<?xml version="1.0" encoding="UTF-8"?>
<!-- Generated by org.testng.reporters.JUnitReportReporter -->
<testsuite hostname="dhanvika-Inspiron-N5010" failures="0" tests="1" name="com.Infiniteloop.Infiniteloop" time="0.016" errors="0" timestamp="2021-02-04T14:55:53 IST" skipped="0">
  <testcase classname="com.Infiniteloop.Infiniteloop" name="Infinite" time="0.016"/>
  <system-out/>
</testsuite> <!-- com.Infiniteloop.Infiniteloop -->
