<?xml version="1.0" encoding="UTF-8"?>
<!-- Generated by org.testng.reporters.JUnitReportReporter -->
<testsuite hostname="dhanvika-Inspiron-N5010" failures="0" tests="3" name="com.practice.TestingBasics" time="0.172" errors="0" timestamp="2021-02-11T10:52:08 IST" skipped="0">
  <testcase classname="com.practice.TestingBasics" name="googleTest" time="0.004"/>
  <system-out/>
  <testcase classname="com.practice.TestingBasics" name="searchTest" time="0.010"/>
  <system-out/>
  <testcase classname="com.practice.TestingBasics" name="googleLogoTest" time="0.158"/>
  <system-out/>
</testsuite> <!-- com.practice.TestingBasics -->
