<?xml version="1.0" encoding="UTF-8"?>
<!-- Generated by org.testng.reporters.JUnitReportReporter -->
<testsuite hostname="dhanvika-Inspiron-N5010" failures="0" tests="1" name="AlertInterface" time="61.322" errors="0" timestamp="2021-02-23T13:09:28 IST" skipped="0">
  <testcase classname="AlertInterface" name="alertWindow" time="61.322"/>
  <system-out/>
</testsuite> <!-- AlertInterface -->
