<?xml version="1.0" encoding="UTF-8"?>
<!-- Generated by org.testng.reporters.JUnitReportReporter -->
<testsuite hostname="dhanvika-Inspiron-N5010" failures="0" tests="4" name="com.qa.test.maven" time="0.083" errors="0" timestamp="2021-03-04T14:51:14 IST" skipped="0">
  <testcase classname="com.qa.test.maven" name="multi" time="0.006"/>
  <system-out/>
  <testcase classname="com.qa.test.maven" name="div" time="0.057"/>
  <system-out/>
  <testcase classname="com.qa.test.maven" name="sub" time="0.005"/>
  <system-out/>
  <testcase classname="com.qa.test.maven" name="sum" time="0.015"/>
  <system-out/>
</testsuite> <!-- com.qa.test.maven -->
