<?xml version="1.0" encoding="UTF-8"?>
<!-- Generated by org.testng.reporters.JUnitReportReporter -->
<testsuite hostname="dhanvika-Inspiron-N5010" failures="0" tests="6" name="com.practice.Googletitle" time="37.233" errors="0" timestamp="2021-01-23T17:29:34 IST" skipped="0">
  <testcase classname="com.practice.Googletitle" name="GoogleTitleTest" time="5.617"/>
  <system-out/>
  <testcase classname="com.practice.Googletitle" name="loginlink" time="5.781"/>
  <system-out/>
  <testcase classname="com.practice.Googletitle" name="Googlelogo" time="8.038"/>
  <system-out/>
  <testcase classname="com.practice.Googletitle" name="Test1" time="6.238"/>
  <system-out/>
  <testcase classname="com.practice.Googletitle" name="test2" time="5.802"/>
  <system-out/>
  <testcase classname="com.practice.Googletitle" name="test3" time="5.757"/>
  <system-out/>
</testsuite> <!-- com.practice.Googletitle -->
