<?xml version="1.0" encoding="UTF-8"?>
<!-- Generated by org.testng.reporters.JUnitReportReporter -->
<testsuite hostname="dhanvika-Inspiron-N5010" failures="0" tests="2" name="com.Titletest.Googletitletest" time="22.236" errors="0" timestamp="2021-01-24T11:26:13 IST" skipped="0">
  <testcase classname="com.Titletest.Googletitletest" name="GoogleTitle" time="12.112"/>
  <system-out/>
  <testcase classname="com.Titletest.Googletitletest" name="Googlelogo" time="10.124"/>
  <system-out/>
</testsuite> <!-- com.Titletest.Googletitletest -->
