<?xml version="1.0" encoding="UTF-8"?>
<!-- Generated by org.testng.reporters.JUnitReportReporter -->
<testsuite hostname="dhanvika-Inspiron-N5010" failures="0" tests="1" name="mail" time="39.408" errors="0" timestamp="2021-03-12T21:09:10 IST" skipped="0">
  <testcase classname="mail" name="login" time="39.408"/>
  <system-out/>
</testsuite> <!-- mail -->
